Using pre-set license
Built from '2021.3/staging' branch; Version is '2021.3.22f1 (b6c551784ba3) revision 11978065'; Using compiler version '192829333'; Build Type 'Release'
OS: 'Windows 10  (10.0.19045) 64bit Core' Language: 'ko' Physical Memory: 16295 MB
BatchMode: 1, IsHumanControllingUs: 0, StartBugReporterOnCrash: 0, Is64bit: 1, IsPro: 1

COMMAND LINE ARGUMENTS:
E:\Unity\Unity 2021.3.22f1\Editor\Unity.exe
-adb2
-batchMode
-noUpm
-name
AssetImportWorker0
-projectPath
E:/LC/LCIdleSurvivalGame
-logFile
Logs/AssetImportWorker0.log
-srvPort
60808
Successfully changed project path to: E:/LC/LCIdleSurvivalGame
E:/LC/LCIdleSurvivalGame
[UnityMemory] Configuration Parameters - Can be set up in boot.config
    "memorysetup-bucket-allocator-granularity=16"
    "memorysetup-bucket-allocator-bucket-count=8"
    "memorysetup-bucket-allocator-block-size=33554432"
    "memorysetup-bucket-allocator-block-count=8"
    "memorysetup-main-allocator-block-size=16777216"
    "memorysetup-thread-allocator-block-size=16777216"
    "memorysetup-gfx-main-allocator-block-size=16777216"
    "memorysetup-gfx-thread-allocator-block-size=16777216"
    "memorysetup-cache-allocator-block-size=4194304"
    "memorysetup-typetree-allocator-block-size=2097152"
    "memorysetup-profiler-bucket-allocator-granularity=16"
    "memorysetup-profiler-bucket-allocator-bucket-count=8"
    "memorysetup-profiler-bucket-allocator-block-size=33554432"
    "memorysetup-profiler-bucket-allocator-block-count=8"
    "memorysetup-profiler-allocator-block-size=16777216"
    "memorysetup-profiler-editor-allocator-block-size=1048576"
    "memorysetup-temp-allocator-size-main=16777216"
    "memorysetup-job-temp-allocator-block-size=2097152"
    "memorysetup-job-temp-allocator-block-size-background=1048576"
    "memorysetup-job-temp-allocator-reduction-small-platforms=262144"
    "memorysetup-temp-allocator-size-background-worker=32768"
    "memorysetup-temp-allocator-size-job-worker=262144"
    "memorysetup-temp-allocator-size-preload-manager=33554432"
    "memorysetup-temp-allocator-size-nav-mesh-worker=65536"
    "memorysetup-temp-allocator-size-audio-worker=65536"
    "memorysetup-temp-allocator-size-cloud-worker=32768"
    "memorysetup-temp-allocator-size-gi-baking-worker=262144"
    "memorysetup-temp-allocator-size-gfx=262144"
Player connection [33384] Host "[IP] 172.30.1.40 [Port] 0 [Flags] 2 [Guid] 889979691 [EditorId] 889979691 [Version] 1048832 [Id] WindowsEditor(7,DESKTOP-ILC28UM) [Debug] 1 [PackageName] WindowsEditor [ProjectName] Editor" joined multi-casting on [225.0.0.222:54997]...

Player connection [33384] Host "[IP] 172.30.1.40 [Port] 0 [Flags] 2 [Guid] 889979691 [EditorId] 889979691 [Version] 1048832 [Id] WindowsEditor(7,DESKTOP-ILC28UM) [Debug] 1 [PackageName] WindowsEditor [ProjectName] Editor" joined alternative multi-casting on [225.0.0.222:34997]...

Refreshing native plugins compatible for Editor in 99.78 ms, found 4 plugins.
Preloading 0 native plugins for Editor in 0.00 ms.
Initialize engine version: 2021.3.22f1 (b6c551784ba3)
[Subsystems] Discovering subsystems at path E:/Unity/Unity 2021.3.22f1/Editor/Data/Resources/UnitySubsystems
[Subsystems] Discovering subsystems at path E:/LC/LCIdleSurvivalGame/Assets
GfxDevice: creating device client; threaded=0; jobified=0
Direct3D:
    Version:  Direct3D 11.0 [level 11.1]
    Renderer: NVIDIA GeForce GTX 1660 SUPER (ID=0x21c4)
    Vendor:   NVIDIA
    VRAM:     5980 MB
    Driver:   31.0.15.2647
Initialize mono
Mono path[0] = 'E:/Unity/Unity 2021.3.22f1/Editor/Data/Managed'
Mono path[1] = 'E:/Unity/Unity 2021.3.22f1/Editor/Data/MonoBleedingEdge/lib/mono/unityjit-win32'
Mono config path = 'E:/Unity/Unity 2021.3.22f1/Editor/Data/MonoBleedingEdge/etc'
Using monoOptions --debugger-agent=transport=dt_socket,embedding=1,server=y,suspend=n,address=127.0.0.1:56856
Begin MonoManager ReloadAssembly
Registering precompiled unity dll's ...
Register platform support module: E:/Unity/Unity 2021.3.22f1/Editor/Data/PlaybackEngines/WindowsStandaloneSupport/UnityEditor.WindowsStandalone.Extensions.dll
Registered in 0.002263 seconds.
Native extension for WindowsStandalone target not found
Refreshing native plugins compatible for Editor in 139.69 ms, found 4 plugins.
Preloading 0 native plugins for Editor in 0.00 ms.
Mono: successfully reloaded assembly
- Completed reload, in  0.907 seconds
Domain Reload Profiling:
	ReloadAssembly (908ms)
		BeginReloadAssembly (92ms)
			ExecutionOrderSort (0ms)
			DisableScriptedObjects (0ms)
			BackupInstance (0ms)
			ReleaseScriptingObjects (0ms)
			CreateAndSetChildDomain (1ms)
		EndReloadAssembly (680ms)
			LoadAssemblies (91ms)
			RebuildTransferFunctionScriptingTraits (0ms)
			SetupTypeCache (172ms)
			ReleaseScriptCaches (0ms)
			RebuildScriptCaches (59ms)
			SetupLoadedEditorAssemblies (361ms)
				LogAssemblyErrors (0ms)
				InitializePlatformSupportModulesInManaged (10ms)
				SetLoadedEditorAssemblies (0ms)
				RefreshPlugins (140ms)
				BeforeProcessingInitializeOnLoad (2ms)
				ProcessInitializeOnLoadAttributes (155ms)
				ProcessInitializeOnLoadMethodAttributes (54ms)
				AfterProcessingInitializeOnLoad (0ms)
				EditorAssembliesLoaded (0ms)
			ExecutionOrderSort2 (0ms)
			AwakeInstancesAfterBackupRestoration (0ms)
Platform modules already initialized, skipping
Registering precompiled user dll's ...
Registered in 0.005328 seconds.
Begin MonoManager ReloadAssembly
Symbol file LoadedFromMemory doesn't match image E:\LC\LCIdleSurvivalGame\Library\PackageCache\com.unity.visualscripting@1.8.0\Editor\VisualScripting.Core\Dependencies\YamlDotNet\Unity.VisualScripting.YamlDotNet.dll
Symbol file LoadedFromMemory doesn't match image E:\LC\LCIdleSurvivalGame\Library\PackageCache\com.unity.visualscripting@1.8.0\Editor\VisualScripting.Core\Dependencies\DotNetZip\Unity.VisualScripting.IonicZip.dll
Native extension for WindowsStandalone target not found
Refreshing native plugins compatible for Editor in 93.67 ms, found 4 plugins.
Preloading 0 native plugins for Editor in 0.00 ms.
Mono: successfully reloaded assembly
Package Manager log level set to [2]
- Completed reload, in  1.049 seconds
Domain Reload Profiling:
	ReloadAssembly (1050ms)
		BeginReloadAssembly (128ms)
			ExecutionOrderSort (0ms)
			DisableScriptedObjects (5ms)
			BackupInstance (0ms)
			ReleaseScriptingObjects (0ms)
			CreateAndSetChildDomain (21ms)
		EndReloadAssembly (816ms)
			LoadAssemblies (99ms)
			RebuildTransferFunctionScriptingTraits (0ms)
			SetupTypeCache (216ms)
			ReleaseScriptCaches (1ms)
			RebuildScriptCaches (54ms)
			SetupLoadedEditorAssemblies (427ms)
				LogAssemblyErrors (0ms)
				InitializePlatformSupportModulesInManaged (3ms)
				SetLoadedEditorAssemblies (0ms)
				RefreshPlugins (94ms)
				BeforeProcessingInitializeOnLoad (89ms)
				ProcessInitializeOnLoadAttributes (200ms)
				ProcessInitializeOnLoadMethodAttributes (38ms)
				AfterProcessingInitializeOnLoad (4ms)
				EditorAssembliesLoaded (0ms)
			ExecutionOrderSort2 (0ms)
			AwakeInstancesAfterBackupRestoration (7ms)
Platform modules already initialized, skipping
========================================================================
Worker process is ready to serve import requests
Launched and connected shader compiler UnityShaderCompiler.exe after 0.03 seconds
Refreshing native plugins compatible for Editor in 0.77 ms, found 4 plugins.
Preloading 0 native plugins for Editor in 0.00 ms.
Unloading 3979 Unused Serialized files (Serialized files now loaded: 0)
Unloading 56 unused Assets / (229.0 KB). Loaded Objects now: 4417.
Memory consumption went from 150.0 MB to 149.8 MB.
Total: 3.423900 ms (FindLiveObjects: 0.359100 ms CreateObjectMapping: 0.281200 ms MarkObjects: 2.617500 ms  DeleteObjects: 0.165000 ms)

AssetImportParameters requested are different than current active one (requested -> active):
  custom:video-decoder-ogg-theora: a1e56fd34408186e4bbccfd4996cb3dc -> 
  custom:container-muxer-webm: aa71ff27fc2769a1b78a27578f13a17b -> 
  custom:container-demuxer-webm: 4f35f7cbe854078d1ac9338744f61a02 -> 
  custom:video-encoder-webm-vp8: eb34c28f22e8b96e1ab97ce403110664 -> 
  custom:audio-encoder-webm-vorbis: bf7c407c2cedff20999df2af8eb42d56 -> 
  custom:framework-win-MediaFoundation: 216162199b28c13a410421893ffa2e32 -> 
  custom:container-demuxer-ogg: 62fdf1f143b41e24485cea50d1cbac27 -> 
  custom:video-decoder-webm-vp8: 9c59270c3fd7afecdb556c50c9e8de78 -> 
  custom:audio-decoder-ogg-vorbis: bf7c407c2cedff20999df2af8eb42d56 -> 
========================================================================
Received Import Request.
  Time since last request: 73504.701892 seconds.
  path: Assets/Readme.asset
  artifactKey: Guid(7f2c382dc2c22446db59030979f6e495) Importer(815301076,1909f56bfc062723c751e8b465ee728b)
Start importing Assets/Readme.asset using Guid(7f2c382dc2c22446db59030979f6e495) Importer(815301076,1909f56bfc062723c751e8b465ee728b)  -> (artifact id: 'bb5a96da0d1335ae901594340dde250e') in 0.036207 seconds 
========================================================================
Received Import Request.
  Time since last request: 127.168654 seconds.
  path: Assets/TutorialInfo
  artifactKey: Guid(37844c66aae9c48458b0dbb739dc59f0) Importer(815301076,1909f56bfc062723c751e8b465ee728b)
Start importing Assets/TutorialInfo using Guid(37844c66aae9c48458b0dbb739dc59f0) Importer(815301076,1909f56bfc062723c751e8b465ee728b)  -> (artifact id: 'e012821265d7f9597e98d17c24e77cbd') in 0.009163 seconds 
========================================================================
Received Prepare
Registering precompiled user dll's ...
Registered in 0.003273 seconds.
Begin MonoManager ReloadAssembly
Symbol file LoadedFromMemory doesn't match image E:\LC\LCIdleSurvivalGame\Library\PackageCache\com.unity.visualscripting@1.8.0\Editor\VisualScripting.Core\Dependencies\YamlDotNet\Unity.VisualScripting.YamlDotNet.dll
Symbol file LoadedFromMemory doesn't match image E:\LC\LCIdleSurvivalGame\Library\PackageCache\com.unity.visualscripting@1.8.0\Editor\VisualScripting.Core\Dependencies\DotNetZip\Unity.VisualScripting.IonicZip.dll
Native extension for WindowsStandalone target not found
Refreshing native plugins compatible for Editor in 0.96 ms, found 4 plugins.
Preloading 0 native plugins for Editor in 0.00 ms.
Mono: successfully reloaded assembly
- Completed reload, in  0.967 seconds
Domain Reload Profiling:
	ReloadAssembly (968ms)
		BeginReloadAssembly (126ms)
			ExecutionOrderSort (0ms)
			DisableScriptedObjects (6ms)
			BackupInstance (0ms)
			ReleaseScriptingObjects (0ms)
			CreateAndSetChildDomain (34ms)
		EndReloadAssembly (759ms)
			LoadAssemblies (84ms)
			RebuildTransferFunctionScriptingTraits (0ms)
			SetupTypeCache (229ms)
			ReleaseScriptCaches (2ms)
			RebuildScriptCaches (45ms)
			SetupLoadedEditorAssemblies (351ms)
				LogAssemblyErrors (0ms)
				InitializePlatformSupportModulesInManaged (4ms)
				SetLoadedEditorAssemblies (0ms)
				RefreshPlugins (1ms)
				BeforeProcessingInitializeOnLoad (73ms)
				ProcessInitializeOnLoadAttributes (227ms)
				ProcessInitializeOnLoadMethodAttributes (41ms)
				AfterProcessingInitializeOnLoad (4ms)
				EditorAssembliesLoaded (0ms)
			ExecutionOrderSort2 (0ms)
			AwakeInstancesAfterBackupRestoration (8ms)
Platform modules already initialized, skipping
Refreshing native plugins compatible for Editor in 2.67 ms, found 4 plugins.
Preloading 0 native plugins for Editor in 0.00 ms.
Unloading 3972 Unused Serialized files (Serialized files now loaded: 0)
Unloading 44 unused Assets / (195.6 KB). Loaded Objects now: 4420.
Memory consumption went from 149.5 MB to 149.3 MB.
Total: 2.692900 ms (FindLiveObjects: 0.264800 ms CreateObjectMapping: 0.215100 ms MarkObjects: 2.089800 ms  DeleteObjects: 0.122400 ms)

AssetImportParameters requested are different than current active one (requested -> active):
  custom:video-decoder-ogg-theora: a1e56fd34408186e4bbccfd4996cb3dc -> 
  custom:container-muxer-webm: aa71ff27fc2769a1b78a27578f13a17b -> 
  custom:container-demuxer-webm: 4f35f7cbe854078d1ac9338744f61a02 -> 
  custom:video-encoder-webm-vp8: eb34c28f22e8b96e1ab97ce403110664 -> 
  custom:audio-encoder-webm-vorbis: bf7c407c2cedff20999df2af8eb42d56 -> 
  custom:framework-win-MediaFoundation: 216162199b28c13a410421893ffa2e32 -> 
  custom:container-demuxer-ogg: 62fdf1f143b41e24485cea50d1cbac27 -> 
  custom:video-decoder-webm-vp8: 9c59270c3fd7afecdb556c50c9e8de78 -> 
  custom:audio-decoder-ogg-vorbis: bf7c407c2cedff20999df2af8eb42d56 -> 
========================================================================
Received Import Request.
  Time since last request: 28.883112 seconds.
  path: Assets/New Folder
  artifactKey: Guid(30557b9b21fe60340baf31d523967427) Importer(815301076,1909f56bfc062723c751e8b465ee728b)
Start importing Assets/New Folder using Guid(30557b9b21fe60340baf31d523967427) Importer(815301076,1909f56bfc062723c751e8b465ee728b)  -> (artifact id: 'f43b22ed524883c958940b5f50328c64') in 0.014345 seconds 
========================================================================
Received Import Request.
  Time since last request: 5.325655 seconds.
  path: Assets/@
  artifactKey: Guid(30557b9b21fe60340baf31d523967427) Importer(815301076,1909f56bfc062723c751e8b465ee728b)
Start importing Assets/@ using Guid(30557b9b21fe60340baf31d523967427) Importer(815301076,1909f56bfc062723c751e8b465ee728b)  -> (artifact id: '84f39c4378ea6a45f8b0e302736fd354') in 0.008955 seconds 
========================================================================
Received Import Request.
  Time since last request: 1.244846 seconds.
  path: Assets/@ 1
  artifactKey: Guid(79ff0b3ee46b8b7429d5ef175dfb5e7d) Importer(815301076,1909f56bfc062723c751e8b465ee728b)
Start importing Assets/@ 1 using Guid(79ff0b3ee46b8b7429d5ef175dfb5e7d) Importer(815301076,1909f56bfc062723c751e8b465ee728b)  -> (artifact id: 'dd144f22c0ae4fa009e991f2890f867f') in 0.008343 seconds 
========================================================================
Received Import Request.
  Time since last request: 0.175341 seconds.
  path: Assets/@ 2
  artifactKey: Guid(258638e4f7ebd134da055f08807b3588) Importer(815301076,1909f56bfc062723c751e8b465ee728b)
Start importing Assets/@ 2 using Guid(258638e4f7ebd134da055f08807b3588) Importer(815301076,1909f56bfc062723c751e8b465ee728b)  -> (artifact id: '4c952e195ae2b0090f01e421979d71b3') in 0.008866 seconds 
========================================================================
Received Import Request.
  Time since last request: 10.971805 seconds.
  path: Assets/@Resources
  artifactKey: Guid(30557b9b21fe60340baf31d523967427) Importer(815301076,1909f56bfc062723c751e8b465ee728b)
Start importing Assets/@Resources using Guid(30557b9b21fe60340baf31d523967427) Importer(815301076,1909f56bfc062723c751e8b465ee728b)  -> (artifact id: 'e33ea3d94da01c64f85112295d19f6ac') in 0.009126 seconds 
========================================================================
Received Import Request.
  Time since last request: 6.771380 seconds.
  path: Assets/@ Scripts
  artifactKey: Guid(79ff0b3ee46b8b7429d5ef175dfb5e7d) Importer(815301076,1909f56bfc062723c751e8b465ee728b)
Start importing Assets/@ Scripts using Guid(79ff0b3ee46b8b7429d5ef175dfb5e7d) Importer(815301076,1909f56bfc062723c751e8b465ee728b)  -> (artifact id: '1bf35065d774975f2eac4660a86232ed') in 0.009299 seconds 
========================================================================
Received Import Request.
  Time since last request: 8.389807 seconds.
  path: Assets/@ Scenes
  artifactKey: Guid(258638e4f7ebd134da055f08807b3588) Importer(815301076,1909f56bfc062723c751e8b465ee728b)
Start importing Assets/@ Scenes using Guid(258638e4f7ebd134da055f08807b3588) Importer(815301076,1909f56bfc062723c751e8b465ee728b)  -> (artifact id: '64ff76168b66d9d28d5ee16e6c65a65f') in 0.009470 seconds 
========================================================================
Received Import Request.
  Time since last request: 1.878567 seconds.
  path: Assets/Scenes
  artifactKey: Guid(6dfd85869103c8947a115d1e79dd5d19) Importer(815301076,1909f56bfc062723c751e8b465ee728b)
Start importing Assets/Scenes using Guid(6dfd85869103c8947a115d1e79dd5d19) Importer(815301076,1909f56bfc062723c751e8b465ee728b)  -> (artifact id: 'f7db9df9c31f73082f0c3a373229737c') in 0.008573 seconds 
========================================================================
Received Import Request.
  Time since last request: 1.045593 seconds.
  path: Assets/Scenes/SampleScene.unity
  artifactKey: Guid(3fc8acdd13e6c734bafef6554d6fdbcd) Importer(815301076,1909f56bfc062723c751e8b465ee728b)
Start importing Assets/Scenes/SampleScene.unity using Guid(3fc8acdd13e6c734bafef6554d6fdbcd) Importer(815301076,1909f56bfc062723c751e8b465ee728b)  -> (artifact id: '5b8f5f717687578b16cf739187b9865c') in 0.010970 seconds 
========================================================================
Received Import Request.
  Time since last request: 140.328665 seconds.
  path: Assets/@ Scripts/Contents
  artifactKey: Guid(19faeabfc0fcdd84eb16ff4a670a6652) Importer(815301076,1909f56bfc062723c751e8b465ee728b)
Start importing Assets/@ Scripts/Contents using Guid(19faeabfc0fcdd84eb16ff4a670a6652) Importer(815301076,1909f56bfc062723c751e8b465ee728b)  -> (artifact id: '1373a094c2fbd102118cca9654ddeed0') in 0.009178 seconds 
========================================================================
Received Import Request.
  Time since last request: 0.438519 seconds.
  path: Assets/@ Scripts/Contents 1
  artifactKey: Guid(af98258c674120f4f959bc5aa4b9b983) Importer(815301076,1909f56bfc062723c751e8b465ee728b)
Start importing Assets/@ Scripts/Contents 1 using Guid(af98258c674120f4f959bc5aa4b9b983) Importer(815301076,1909f56bfc062723c751e8b465ee728b)  -> (artifact id: '4752823118e991977a26fad771c9ef3c') in 0.009223 seconds 
========================================================================
Received Import Request.
  Time since last request: 4.816953 seconds.
  path: Assets/@ Scripts/Controllers
  artifactKey: Guid(af98258c674120f4f959bc5aa4b9b983) Importer(815301076,1909f56bfc062723c751e8b465ee728b)
Start importing Assets/@ Scripts/Controllers using Guid(af98258c674120f4f959bc5aa4b9b983) Importer(815301076,1909f56bfc062723c751e8b465ee728b)  -> (artifact id: '098c2f8a7c7ce12301e5d05b7143f20f') in 0.008612 seconds 
========================================================================
Received Import Request.
  Time since last request: 0.565786 seconds.
  path: Assets/@ Scripts/Controllers 1
  artifactKey: Guid(a70f2dceeeefb724dbcc792399b7c0a4) Importer(815301076,1909f56bfc062723c751e8b465ee728b)
Start importing Assets/@ Scripts/Controllers 1 using Guid(a70f2dceeeefb724dbcc792399b7c0a4) Importer(815301076,1909f56bfc062723c751e8b465ee728b)  -> (artifact id: '51b8cac44a07b28f350d90d730507d69') in 0.008478 seconds 
========================================================================
Received Import Request.
  Time since last request: 4.790516 seconds.
  path: Assets/@ Scripts/Managers
  artifactKey: Guid(a70f2dceeeefb724dbcc792399b7c0a4) Importer(815301076,1909f56bfc062723c751e8b465ee728b)
Start importing Assets/@ Scripts/Managers using Guid(a70f2dceeeefb724dbcc792399b7c0a4) Importer(815301076,1909f56bfc062723c751e8b465ee728b)  -> (artifact id: 'd410517e055ca537ed7b24ce45818d83') in 0.010682 seconds 
========================================================================
Received Import Request.
  Time since last request: 9.956217 seconds.
  path: Assets/@ Scripts/Managers 1
  artifactKey: Guid(692af3dc662fe4b49989a0cbed895320) Importer(815301076,1909f56bfc062723c751e8b465ee728b)
Start importing Assets/@ Scripts/Managers 1 using Guid(692af3dc662fe4b49989a0cbed895320) Importer(815301076,1909f56bfc062723c751e8b465ee728b)  -> (artifact id: '674fedbdf70387c186a3102d2b8351a6') in 0.008539 seconds 
========================================================================
Received Import Request.
  Time since last request: 3.874481 seconds.
  path: Assets/@ Scripts/UI
  artifactKey: Guid(692af3dc662fe4b49989a0cbed895320) Importer(815301076,1909f56bfc062723c751e8b465ee728b)
Start importing Assets/@ Scripts/UI using Guid(692af3dc662fe4b49989a0cbed895320) Importer(815301076,1909f56bfc062723c751e8b465ee728b)  -> (artifact id: '2afc9b0be44b25661e61cca0179276f8') in 0.008994 seconds 
========================================================================
Received Import Request.
  Time since last request: 2.672573 seconds.
  path: Assets/@ Scripts/UI 1
  artifactKey: Guid(8c9f1a9231ff58147965e6b3c0f6e426) Importer(815301076,1909f56bfc062723c751e8b465ee728b)
Start importing Assets/@ Scripts/UI 1 using Guid(8c9f1a9231ff58147965e6b3c0f6e426) Importer(815301076,1909f56bfc062723c751e8b465ee728b)  -> (artifact id: '8e36d3489cd7907095a6b78ec13a56d0') in 0.009052 seconds 
========================================================================
Received Import Request.
  Time since last request: 12.469739 seconds.
  path: Assets/@ Scripts/Utils
  artifactKey: Guid(8c9f1a9231ff58147965e6b3c0f6e426) Importer(815301076,1909f56bfc062723c751e8b465ee728b)
Start importing Assets/@ Scripts/Utils using Guid(8c9f1a9231ff58147965e6b3c0f6e426) Importer(815301076,1909f56bfc062723c751e8b465ee728b)  -> (artifact id: '2a1aaa10c8c58cd3b6aa04374d52edcd') in 0.009177 seconds 
========================================================================
Received Import Request.
  Time since last request: 8.092125 seconds.
  path: Assets/@ Scripts/Managers.cs
  artifactKey: Guid(60ad6619a030e814a80ac54d7c348dcf) Importer(815301076,1909f56bfc062723c751e8b465ee728b)
Start importing Assets/@ Scripts/Managers.cs using Guid(60ad6619a030e814a80ac54d7c348dcf) Importer(815301076,1909f56bfc062723c751e8b465ee728b)  -> (artifact id: 'fa05136f7fa691dac35c374e18d0cfb0') in 0.004420 seconds 
========================================================================
Received Prepare
Registering precompiled user dll's ...
Registered in 0.003123 seconds.
Begin MonoManager ReloadAssembly
Symbol file LoadedFromMemory doesn't match image E:\LC\LCIdleSurvivalGame\Library\PackageCache\com.unity.visualscripting@1.8.0\Editor\VisualScripting.Core\Dependencies\YamlDotNet\Unity.VisualScripting.YamlDotNet.dll
Symbol file LoadedFromMemory doesn't match image E:\LC\LCIdleSurvivalGame\Library\PackageCache\com.unity.visualscripting@1.8.0\Editor\VisualScripting.Core\Dependencies\DotNetZip\Unity.VisualScripting.IonicZip.dll
Native extension for WindowsStandalone target not found
Refreshing native plugins compatible for Editor in 0.70 ms, found 4 plugins.
Preloading 0 native plugins for Editor in 0.00 ms.
Mono: successfully reloaded assembly
- Completed reload, in  0.805 seconds
Domain Reload Profiling:
	ReloadAssembly (806ms)
		BeginReloadAssembly (116ms)
			ExecutionOrderSort (0ms)
			DisableScriptedObjects (7ms)
			BackupInstance (0ms)
			ReleaseScriptingObjects (0ms)
			CreateAndSetChildDomain (32ms)
		EndReloadAssembly (610ms)
			LoadAssemblies (76ms)
			RebuildTransferFunctionScriptingTraits (0ms)
			SetupTypeCache (201ms)
			ReleaseScriptCaches (2ms)
			RebuildScriptCaches (43ms)
			SetupLoadedEditorAssemblies (260ms)
				LogAssemblyErrors (0ms)
				InitializePlatformSupportModulesInManaged (4ms)
				SetLoadedEditorAssemblies (1ms)
				RefreshPlugins (1ms)
				BeforeProcessingInitializeOnLoad (61ms)
				ProcessInitializeOnLoadAttributes (164ms)
				ProcessInitializeOnLoadMethodAttributes (27ms)
				AfterProcessingInitializeOnLoad (3ms)
				EditorAssembliesLoaded (0ms)
			ExecutionOrderSort2 (0ms)
			AwakeInstancesAfterBackupRestoration (5ms)
Platform modules already initialized, skipping
Refreshing native plugins compatible for Editor in 2.26 ms, found 4 plugins.
Preloading 0 native plugins for Editor in 0.00 ms.
Unloading 3973 Unused Serialized files (Serialized files now loaded: 0)
Unloading 43 unused Assets / (195.5 KB). Loaded Objects now: 4424.
Memory consumption went from 149.5 MB to 149.3 MB.
Total: 2.676500 ms (FindLiveObjects: 0.281700 ms CreateObjectMapping: 0.193700 ms MarkObjects: 2.071700 ms  DeleteObjects: 0.128700 ms)

AssetImportParameters requested are different than current active one (requested -> active):
  custom:video-decoder-ogg-theora: a1e56fd34408186e4bbccfd4996cb3dc -> 
  custom:container-muxer-webm: aa71ff27fc2769a1b78a27578f13a17b -> 
  custom:container-demuxer-webm: 4f35f7cbe854078d1ac9338744f61a02 -> 
  custom:video-encoder-webm-vp8: eb34c28f22e8b96e1ab97ce403110664 -> 
  custom:audio-encoder-webm-vorbis: bf7c407c2cedff20999df2af8eb42d56 -> 
  custom:framework-win-MediaFoundation: 216162199b28c13a410421893ffa2e32 -> 
  custom:container-demuxer-ogg: 62fdf1f143b41e24485cea50d1cbac27 -> 
  custom:video-decoder-webm-vp8: 9c59270c3fd7afecdb556c50c9e8de78 -> 
  custom:audio-decoder-ogg-vorbis: bf7c407c2cedff20999df2af8eb42d56 -> 
